Values for January:

Calls Offered : 16,915
Abandon After 30s : 2.32%
FCR : 86.50%
DSAT : 14.20%
CSAT : 78.30%

Net Promoter Score:
(Instructions file states Detractors & Passives > 100 is supposedly good for this program.)
Promoters: 256 - good
Passive: 86 - bad
Detractors: 86 - bad

---

Values for January:

Calls Offered : 16,915
Abandon After 30s : 2.32%
FCR : 86.50%
DSAT : 14.20%
CSAT : 78.30%

Net Promoter Score:
(Instructions file states Detractors & Passives > 100 is supposedly good for this program.)
Promoters: 256 - good
Passive: 86 - bad
Detractors: 86 - bad

---

Values for January:

Calls Offered : 16,915
Abandon After 30s : 2.32%
FCR : 86.50%
DSAT : 14.20%
CSAT : 78.30%

Net Promoter Score:
(Instructions file states Detractors & Passives > 100 is supposedly good for this program.)
Promoters: 256 - good
Passive: 86 - bad
Detractors: 86 - bad