

---

Values for February:

Calls Offered : 17,342
Abandon After 30s : 1.35%
FCR : 88.60%
DSAT : 12.40%
CSAT : 78.00%

Net Promoter Score:
(Instructions file states Detractors & Passives > 100 is supposedly good for this program.)
Promoters: 239 - good
Passive: 84 - bad
Detractors: 189 - good

---

Values for February:

Calls Offered : 17,342
Abandon After 30s : 1.35%
FCR : 88.60%
DSAT : 12.40%
CSAT : 78.00%

Column Index: 15Net Promoter Score:
(Instructions file states Detractors & Passives > 100 is supposedly good for this program.)
Promoters: 239 - good
Passive: 84 - bad
Detractors: 189 - good

---

Values for February:

Calls Offered : 17,342
Abandon After 30s : 1.35%
FCR : 88.60%
DSAT : 12.40%
CSAT : 78.00%



---

Values for February:

Calls Offered : 17,342
Abandon After 30s : 1.35%
FCR : 88.60%
DSAT : 12.40%
CSAT : 78.00%

